<?xml version="1.0" encoding="UTF-8"?>
<!-- Generated by org.testng.reporters.JUnitXMLReporter -->
<testsuite hostname="Air-cua-Macbook" ignored="0" name="Register Test - SAFARI" tests="5" failures="0" timestamp="2022-08-18T21:01:56 ICT" time="27.822" errors="0">
  <testcase name="registerWithEmptyEmailAndPass" time="1.761" classname="test.TestRegister"/>
  <testcase name="registerWithEmptyEmail" time="1.907" classname="test.TestRegister"/>
  <testcase name="registerWithEmptyPass" time="1.693" classname="test.TestRegister"/>
  <testcase name="registerWithInvalidEmail" time="1.824" classname="test.TestRegister"/>
  <testcase name="registerWithValidAccount" time="4.827" classname="test.TestRegister"/>
</testsuite> <!-- Register Test - SAFARI -->
