<?xml version="1.0" encoding="UTF-8"?>
<!-- Generated by org.testng.reporters.JUnitXMLReporter -->
<testsuite hostname="nexle-HP-ZBook-15-G3" ignored="0" name="Register Test - SAFARI" tests="5" failures="0" timestamp="2022-08-18T09:20:14 WIB" time="38.654" errors="0">
  <testcase name="registerWithEmptyEmailAndPass" time="2.706" classname="test.TestRegister"/>
  <testcase name="registerWithEmptyEmail" time="2.92" classname="test.TestRegister"/>
  <testcase name="registerWithEmptyPass" time="2.682" classname="test.TestRegister"/>
  <testcase name="registerWithInvalidEmail" time="2.838" classname="test.TestRegister"/>
  <testcase name="registerWithValidAccount" time="5.494" classname="test.TestRegister"/>
</testsuite> <!-- Register Test - SAFARI -->
