<?xml version="1.0" encoding="UTF-8"?>
<!-- Generated by org.testng.reporters.JUnitXMLReporter -->
<testsuite hostname="nexle-HP-ZBook-15-G3" ignored="6" name="SMOKETEST - CHROME" tests="15" failures="0" timestamp="2022-08-19T15:09:04 WIB" time="123.292" errors="0">
  <testcase name="checkIfPasswordIsMasked" time="0.255" classname="test.TestLogin"/>
  <testcase name="loginWithEmptyUserAndPassword" time="2.159" classname="test.TestLogin"/>
  <testcase name="loginWithEmptyPassword" time="1.844" classname="test.TestLogin"/>
  <testcase name="loginWithEmptyUser" time="1.769" classname="test.TestLogin"/>
  <testcase name="loginWithInvalidAccount" time="1.953" classname="test.TestLogin"/>
  <testcase name="loginWithNonExistAccount" time="1.764" classname="test.TestLogin"/>
  <testcase name="loginWithValidAccount" time="5.845" classname="test.TestLogin"/>
  <testcase name="loginAuthentication" time="7.925" classname="test.TestLogin"/>
  <testcase name="registerWithEmptyEmailAndPass" time="3.99" classname="test.TestRegister"/>
  <testcase name="registerWithEmptyEmail" time="2.631" classname="test.TestRegister"/>
  <testcase name="registerWithEmptyPass" time="2.74" classname="test.TestRegister"/>
  <testcase name="registerWithInvalidEmail" time="3.018" classname="test.TestRegister"/>
  <testcase name="registerWithValidAccount" time="7.523" classname="test.TestRegister"/>
  <testcase name="MyAccountOrders" time="3.708" classname="test.TestMyAccountPage"/>
  <testcase name="myAccountDashboard" time="0.16" classname="test.TestMyAccountPage"/>
  <testcase name="@BeforeSuite initWebdriverObject" time="0.0" classname="drivers.DriverBase">
    <ignored/>
  </testcase> <!-- @BeforeSuite initWebdriverObject -->
  <testcase name="@BeforeSuite initWebdriverObject" time="0.0" classname="drivers.DriverBase">
    <ignored/>
  </testcase> <!-- @BeforeSuite initWebdriverObject -->
  <testcase name="@AfterSuite afterSuite" time="0.0" classname="drivers.DriverBase">
    <ignored/>
  </testcase> <!-- @AfterSuite afterSuite -->
  <testcase name="@AfterSuite afterSuite" time="0.0" classname="drivers.DriverBase">
    <ignored/>
  </testcase> <!-- @AfterSuite afterSuite -->
  <testcase name="@BeforeSuite clearScreenShotFolder" time="0.0" classname="drivers.DriverBase">
    <ignored/>
  </testcase> <!-- @BeforeSuite clearScreenShotFolder -->
  <testcase name="@BeforeSuite clearScreenShotFolder" time="0.0" classname="drivers.DriverBase">
    <ignored/>
  </testcase> <!-- @BeforeSuite clearScreenShotFolder -->
</testsuite> <!-- SMOKETEST - CHROME -->
