<?xml version="1.0" encoding="UTF-8"?>
<!-- Generated by org.testng.reporters.JUnitXMLReporter -->
<testsuite hostname="Air-cua-Macbook" ignored="0" name="Register Test - SAFARI" tests="8" failures="0" timestamp="2022-08-18T21:03:23 ICT" time="87.29" errors="0">
  <testcase name="checkIfPasswordIsMasked" time="0.149" classname="test.TestLogin"/>
  <testcase name="loginWithEmptyUserAndPassword" time="0.817" classname="test.TestLogin"/>
  <testcase name="loginWithEmptyPassword" time="0.711" classname="test.TestLogin"/>
  <testcase name="loginWithEmptyUser" time="0.696" classname="test.TestLogin"/>
  <testcase name="loginWithInvalidAccount" time="0.711" classname="test.TestLogin"/>
  <testcase name="loginWithNonExistAccount" time="0.753" classname="test.TestLogin"/>
  <testcase name="loginWithValidAccount" time="4.45" classname="test.TestLogin"/>
  <testcase name="loginAuthentication" time="59.719" classname="test.TestLogin"/>
</testsuite> <!-- Register Test - SAFARI -->
