<?xml version="1.0" encoding="UTF-8"?>
<!-- Generated by org.testng.reporters.JUnitXMLReporter -->
<testsuite hostname="nexle-HP-ZBook-15-G3" ignored="0" name="Register Test - SAFARI" tests="8" failures="0" timestamp="2022-08-18T17:08:18 WIB" time="72.699" errors="0">
  <testcase name="checkIfPasswordIsMasked" time="0.219" classname="test.TestLogin"/>
  <testcase name="loginWithEmptyUserAndPassword" time="2.761" classname="test.TestLogin"/>
  <testcase name="loginWithEmptyPassword" time="2.102" classname="test.TestLogin"/>
  <testcase name="loginWithEmptyUser" time="2.005" classname="test.TestLogin"/>
  <testcase name="loginWithInvalidAccount" time="2.242" classname="test.TestLogin"/>
  <testcase name="loginWithNonExistAccount" time="1.779" classname="test.TestLogin"/>
  <testcase name="loginWithValidAccount" time="5.971" classname="test.TestLogin"/>
  <testcase name="loginAuthentication" time="26.264" classname="test.TestLogin"/>
</testsuite> <!-- Register Test - SAFARI -->
