<?xml version="1.0" encoding="UTF-8"?>
<testng-results skipped="0" failed="0" ignored="0" total="13" passed="13">
  <reporter-output>
  </reporter-output>
  <suite name="SmokeTest" duration-ms="27822" started-at="2022-08-18T21:01:28 ICT" finished-at="2022-08-18T21:01:56 ICT">
    <groups>
    </groups>
    <test name="Register Test - SAFARI" duration-ms="27822" started-at="2022-08-18T21:01:28 ICT" finished-at="2022-08-18T21:01:56 ICT">
      <class name="test.TestRegister">
        <test-method status="PASS" signature="clearScreenShotFolder(org.testng.ITestContext)[pri:0, instance:test.TestRegister@553f17c]" name="clearScreenShotFolder" is-config="true" duration-ms="10" started-at="2022-08-18T21:01:28 ICT" finished-at="2022-08-18T21:01:28 ICT">
          <params>
            <param index="0">
              <value>
                <![CDATA[org.testng.TestRunner@66153688]]>
              </value>
            </param>
          </params>
          <reporter-output>
          </reporter-output>
        </test-method> <!-- clearScreenShotFolder -->
        <test-method status="PASS" signature="initWebdriverObject()[pri:0, instance:test.TestRegister@553f17c]" name="initWebdriverObject" is-config="true" duration-ms="0" started-at="2022-08-18T21:01:28 ICT" finished-at="2022-08-18T21:01:28 ICT">
          <reporter-output>
          </reporter-output>
        </test-method> <!-- initWebdriverObject -->
        <test-method status="PASS" signature="beforeMethod(java.lang.String)[pri:0, instance:test.TestRegister@553f17c]" name="beforeMethod" is-config="true" duration-ms="7577" started-at="2022-08-18T21:01:28 ICT" finished-at="2022-08-18T21:01:36 ICT">
          <params>
            <param index="0">
              <value>
                <![CDATA[chrome]]>
              </value>
            </param>
          </params>
          <reporter-output>
          </reporter-output>
        </test-method> <!-- beforeMethod -->
        <test-method status="PASS" signature="goToAccountPage()[pri:0, instance:test.TestRegister@553f17c]" name="goToAccountPage" is-config="true" duration-ms="2087" started-at="2022-08-18T21:01:36 ICT" finished-at="2022-08-18T21:01:38 ICT">
          <reporter-output>
          </reporter-output>
        </test-method> <!-- goToAccountPage -->
        <test-method status="PASS" signature="registerWithEmptyEmailAndPass()[pri:0, instance:test.TestRegister@553f17c]" name="registerWithEmptyEmailAndPass" duration-ms="1761" started-at="2022-08-18T21:01:38 ICT" finished-at="2022-08-18T21:01:39 ICT">
          <reporter-output>
          </reporter-output>
        </test-method> <!-- registerWithEmptyEmailAndPass -->
        <test-method status="PASS" signature="afterMethod(org.testng.ITestContext,org.testng.ITestResult,java.lang.String)[pri:0, instance:test.TestRegister@553f17c]" name="afterMethod" is-config="true" duration-ms="0" started-at="2022-08-18T21:01:39 ICT" finished-at="2022-08-18T21:01:39 ICT">
          <params>
            <param index="0">
              <value>
                <![CDATA[org.testng.TestRunner@66153688]]>
              </value>
            </param>
            <param index="1">
              <value>
                <![CDATA[[TestResult name=registerWithEmptyEmailAndPass status=SUCCESS method=TestRegister.registerWithEmptyEmailAndPass()[pri:0, instance:test.TestRegister@553f17c] output={null}]]]>
              </value>
            </param>
            <param index="2">
              <value>
                <![CDATA[chrome]]>
              </value>
            </param>
          </params>
          <reporter-output>
          </reporter-output>
        </test-method> <!-- afterMethod -->
        <test-method status="PASS" signature="goToAccountPage()[pri:0, instance:test.TestRegister@553f17c]" name="goToAccountPage" is-config="true" duration-ms="1471" started-at="2022-08-18T21:01:39 ICT" finished-at="2022-08-18T21:01:41 ICT">
          <reporter-output>
          </reporter-output>
        </test-method> <!-- goToAccountPage -->
        <test-method status="PASS" signature="registerWithEmptyEmail()[pri:1, instance:test.TestRegister@553f17c]" name="registerWithEmptyEmail" duration-ms="1907" started-at="2022-08-18T21:01:41 ICT" finished-at="2022-08-18T21:01:43 ICT">
          <reporter-output>
          </reporter-output>
        </test-method> <!-- registerWithEmptyEmail -->
        <test-method status="PASS" signature="afterMethod(org.testng.ITestContext,org.testng.ITestResult,java.lang.String)[pri:0, instance:test.TestRegister@553f17c]" name="afterMethod" is-config="true" duration-ms="0" started-at="2022-08-18T21:01:43 ICT" finished-at="2022-08-18T21:01:43 ICT">
          <params>
            <param index="0">
              <value>
                <![CDATA[org.testng.TestRunner@66153688]]>
              </value>
            </param>
            <param index="1">
              <value>
                <![CDATA[[TestResult name=registerWithEmptyEmail status=SUCCESS method=TestRegister.registerWithEmptyEmail()[pri:1, instance:test.TestRegister@553f17c] output={null}]]]>
              </value>
            </param>
            <param index="2">
              <value>
                <![CDATA[chrome]]>
              </value>
            </param>
          </params>
          <reporter-output>
          </reporter-output>
        </test-method> <!-- afterMethod -->
        <test-method status="PASS" signature="goToAccountPage()[pri:0, instance:test.TestRegister@553f17c]" name="goToAccountPage" is-config="true" duration-ms="1508" started-at="2022-08-18T21:01:43 ICT" finished-at="2022-08-18T21:01:44 ICT">
          <reporter-output>
          </reporter-output>
        </test-method> <!-- goToAccountPage -->
        <test-method status="PASS" signature="registerWithEmptyPass()[pri:2, instance:test.TestRegister@553f17c]" name="registerWithEmptyPass" duration-ms="1693" started-at="2022-08-18T21:01:44 ICT" finished-at="2022-08-18T21:01:46 ICT">
          <reporter-output>
          </reporter-output>
        </test-method> <!-- registerWithEmptyPass -->
        <test-method status="PASS" signature="afterMethod(org.testng.ITestContext,org.testng.ITestResult,java.lang.String)[pri:0, instance:test.TestRegister@553f17c]" name="afterMethod" is-config="true" duration-ms="0" started-at="2022-08-18T21:01:46 ICT" finished-at="2022-08-18T21:01:46 ICT">
          <params>
            <param index="0">
              <value>
                <![CDATA[org.testng.TestRunner@66153688]]>
              </value>
            </param>
            <param index="1">
              <value>
                <![CDATA[[TestResult name=registerWithEmptyPass status=SUCCESS method=TestRegister.registerWithEmptyPass()[pri:2, instance:test.TestRegister@553f17c] output={null}]]]>
              </value>
            </param>
            <param index="2">
              <value>
                <![CDATA[chrome]]>
              </value>
            </param>
          </params>
          <reporter-output>
          </reporter-output>
        </test-method> <!-- afterMethod -->
        <test-method status="PASS" signature="goToAccountPage()[pri:0, instance:test.TestRegister@553f17c]" name="goToAccountPage" is-config="true" duration-ms="1508" started-at="2022-08-18T21:01:46 ICT" finished-at="2022-08-18T21:01:48 ICT">
          <reporter-output>
          </reporter-output>
        </test-method> <!-- goToAccountPage -->
        <test-method status="PASS" signature="registerWithInvalidEmail()[pri:3, instance:test.TestRegister@553f17c]" name="registerWithInvalidEmail" duration-ms="1824" started-at="2022-08-18T21:01:48 ICT" finished-at="2022-08-18T21:01:49 ICT">
          <reporter-output>
          </reporter-output>
        </test-method> <!-- registerWithInvalidEmail -->
        <test-method status="PASS" signature="afterMethod(org.testng.ITestContext,org.testng.ITestResult,java.lang.String)[pri:0, instance:test.TestRegister@553f17c]" name="afterMethod" is-config="true" duration-ms="0" started-at="2022-08-18T21:01:49 ICT" finished-at="2022-08-18T21:01:49 ICT">
          <params>
            <param index="0">
              <value>
                <![CDATA[org.testng.TestRunner@66153688]]>
              </value>
            </param>
            <param index="1">
              <value>
                <![CDATA[[TestResult name=registerWithInvalidEmail status=SUCCESS method=TestRegister.registerWithInvalidEmail()[pri:3, instance:test.TestRegister@553f17c] output={null}]]]>
              </value>
            </param>
            <param index="2">
              <value>
                <![CDATA[chrome]]>
              </value>
            </param>
          </params>
          <reporter-output>
          </reporter-output>
        </test-method> <!-- afterMethod -->
        <test-method status="PASS" signature="goToAccountPage()[pri:0, instance:test.TestRegister@553f17c]" name="goToAccountPage" is-config="true" duration-ms="1630" started-at="2022-08-18T21:01:49 ICT" finished-at="2022-08-18T21:01:51 ICT">
          <reporter-output>
          </reporter-output>
        </test-method> <!-- goToAccountPage -->
        <test-method status="PASS" signature="registerWithValidAccount()[pri:4, instance:test.TestRegister@553f17c]" name="registerWithValidAccount" duration-ms="4827" started-at="2022-08-18T21:01:51 ICT" finished-at="2022-08-18T21:01:56 ICT">
          <reporter-output>
          </reporter-output>
        </test-method> <!-- registerWithValidAccount -->
        <test-method status="PASS" signature="afterMethod(org.testng.ITestContext,org.testng.ITestResult,java.lang.String)[pri:0, instance:test.TestRegister@553f17c]" name="afterMethod" is-config="true" duration-ms="0" started-at="2022-08-18T21:01:56 ICT" finished-at="2022-08-18T21:01:56 ICT">
          <params>
            <param index="0">
              <value>
                <![CDATA[org.testng.TestRunner@66153688]]>
              </value>
            </param>
            <param index="1">
              <value>
                <![CDATA[[TestResult name=registerWithValidAccount status=SUCCESS method=TestRegister.registerWithValidAccount()[pri:4, instance:test.TestRegister@553f17c] output={null}]]]>
              </value>
            </param>
            <param index="2">
              <value>
                <![CDATA[chrome]]>
              </value>
            </param>
          </params>
          <reporter-output>
          </reporter-output>
        </test-method> <!-- afterMethod -->
        <test-method status="PASS" signature="afterSuite()[pri:0, instance:test.TestRegister@553f17c]" name="afterSuite" is-config="true" duration-ms="146" started-at="2022-08-18T21:01:56 ICT" finished-at="2022-08-18T21:01:56 ICT">
          <reporter-output>
          </reporter-output>
        </test-method> <!-- afterSuite -->
      </class> <!-- test.TestRegister -->
    </test> <!-- Register Test - SAFARI -->
  </suite> <!-- SmokeTest -->
  <suite name="SmokeTest (0)" duration-ms="87290" started-at="2022-08-18T21:01:56 ICT" finished-at="2022-08-18T21:03:23 ICT">
    <groups>
    </groups>
    <test name="Register Test - SAFARI" duration-ms="87290" started-at="2022-08-18T21:01:56 ICT" finished-at="2022-08-18T21:03:23 ICT">
      <class name="test.TestLogin">
        <test-method status="PASS" signature="clearScreenShotFolder(org.testng.ITestContext)[pri:0, instance:test.TestLogin@148080bb]" name="clearScreenShotFolder" is-config="true" duration-ms="2" started-at="2022-08-18T21:01:56 ICT" finished-at="2022-08-18T21:01:56 ICT">
          <params>
            <param index="0">
              <value>
                <![CDATA[org.testng.TestRunner@455824ad]]>
              </value>
            </param>
          </params>
          <reporter-output>
          </reporter-output>
        </test-method> <!-- clearScreenShotFolder -->
        <test-method status="PASS" signature="initWebdriverObject()[pri:0, instance:test.TestLogin@148080bb]" name="initWebdriverObject" is-config="true" duration-ms="0" started-at="2022-08-18T21:01:56 ICT" finished-at="2022-08-18T21:01:56 ICT">
          <reporter-output>
          </reporter-output>
        </test-method> <!-- initWebdriverObject -->
        <test-method status="PASS" signature="beforeMethod(java.lang.String)[pri:0, instance:test.TestLogin@148080bb]" name="beforeMethod" is-config="true" duration-ms="6063" started-at="2022-08-18T21:01:56 ICT" finished-at="2022-08-18T21:02:02 ICT">
          <params>
            <param index="0">
              <value>
                <![CDATA[chrome]]>
              </value>
            </param>
          </params>
          <reporter-output>
          </reporter-output>
        </test-method> <!-- beforeMethod -->
        <test-method status="PASS" signature="goToAccountPage()[pri:0, instance:test.TestLogin@148080bb]" name="goToAccountPage" is-config="true" duration-ms="2085" started-at="2022-08-18T21:02:02 ICT" finished-at="2022-08-18T21:02:04 ICT">
          <reporter-output>
          </reporter-output>
        </test-method> <!-- goToAccountPage -->
        <test-method status="PASS" signature="checkIfPasswordIsMasked()[pri:0, instance:test.TestLogin@148080bb]" name="checkIfPasswordIsMasked" duration-ms="149" started-at="2022-08-18T21:02:04 ICT" finished-at="2022-08-18T21:02:04 ICT">
          <reporter-output>
          </reporter-output>
        </test-method> <!-- checkIfPasswordIsMasked -->
        <test-method status="PASS" signature="afterMethod(org.testng.ITestContext,org.testng.ITestResult,java.lang.String)[pri:0, instance:test.TestLogin@148080bb]" name="afterMethod" is-config="true" duration-ms="0" started-at="2022-08-18T21:02:04 ICT" finished-at="2022-08-18T21:02:04 ICT">
          <params>
            <param index="0">
              <value>
                <![CDATA[org.testng.TestRunner@455824ad]]>
              </value>
            </param>
            <param index="1">
              <value>
                <![CDATA[[TestResult name=checkIfPasswordIsMasked status=SUCCESS method=TestLogin.checkIfPasswordIsMasked()[pri:0, instance:test.TestLogin@148080bb] output={null}]]]>
              </value>
            </param>
            <param index="2">
              <value>
                <![CDATA[chrome]]>
              </value>
            </param>
          </params>
          <reporter-output>
          </reporter-output>
        </test-method> <!-- afterMethod -->
        <test-method status="PASS" signature="goToAccountPage()[pri:0, instance:test.TestLogin@148080bb]" name="goToAccountPage" is-config="true" duration-ms="1592" started-at="2022-08-18T21:02:04 ICT" finished-at="2022-08-18T21:02:06 ICT">
          <reporter-output>
          </reporter-output>
        </test-method> <!-- goToAccountPage -->
        <test-method status="PASS" signature="loginWithEmptyUserAndPassword()[pri:0, instance:test.TestLogin@148080bb]" name="loginWithEmptyUserAndPassword" duration-ms="817" started-at="2022-08-18T21:02:06 ICT" finished-at="2022-08-18T21:02:07 ICT">
          <reporter-output>
          </reporter-output>
        </test-method> <!-- loginWithEmptyUserAndPassword -->
        <test-method status="PASS" signature="afterMethod(org.testng.ITestContext,org.testng.ITestResult,java.lang.String)[pri:0, instance:test.TestLogin@148080bb]" name="afterMethod" is-config="true" duration-ms="0" started-at="2022-08-18T21:02:07 ICT" finished-at="2022-08-18T21:02:07 ICT">
          <params>
            <param index="0">
              <value>
                <![CDATA[org.testng.TestRunner@455824ad]]>
              </value>
            </param>
            <param index="1">
              <value>
                <![CDATA[[TestResult name=loginWithEmptyUserAndPassword status=SUCCESS method=TestLogin.loginWithEmptyUserAndPassword()[pri:0, instance:test.TestLogin@148080bb] output={null}]]]>
              </value>
            </param>
            <param index="2">
              <value>
                <![CDATA[chrome]]>
              </value>
            </param>
          </params>
          <reporter-output>
          </reporter-output>
        </test-method> <!-- afterMethod -->
        <test-method status="PASS" signature="goToAccountPage()[pri:0, instance:test.TestLogin@148080bb]" name="goToAccountPage" is-config="true" duration-ms="1586" started-at="2022-08-18T21:02:07 ICT" finished-at="2022-08-18T21:02:08 ICT">
          <reporter-output>
          </reporter-output>
        </test-method> <!-- goToAccountPage -->
        <test-method status="PASS" signature="loginWithEmptyPassword()[pri:1, instance:test.TestLogin@148080bb]" name="loginWithEmptyPassword" duration-ms="711" started-at="2022-08-18T21:02:08 ICT" finished-at="2022-08-18T21:02:09 ICT">
          <reporter-output>
          </reporter-output>
        </test-method> <!-- loginWithEmptyPassword -->
        <test-method status="PASS" signature="afterMethod(org.testng.ITestContext,org.testng.ITestResult,java.lang.String)[pri:0, instance:test.TestLogin@148080bb]" name="afterMethod" is-config="true" duration-ms="0" started-at="2022-08-18T21:02:09 ICT" finished-at="2022-08-18T21:02:09 ICT">
          <params>
            <param index="0">
              <value>
                <![CDATA[org.testng.TestRunner@455824ad]]>
              </value>
            </param>
            <param index="1">
              <value>
                <![CDATA[[TestResult name=loginWithEmptyPassword status=SUCCESS method=TestLogin.loginWithEmptyPassword()[pri:1, instance:test.TestLogin@148080bb] output={null}]]]>
              </value>
            </param>
            <param index="2">
              <value>
                <![CDATA[chrome]]>
              </value>
            </param>
          </params>
          <reporter-output>
          </reporter-output>
        </test-method> <!-- afterMethod -->
        <test-method status="PASS" signature="goToAccountPage()[pri:0, instance:test.TestLogin@148080bb]" name="goToAccountPage" is-config="true" duration-ms="1529" started-at="2022-08-18T21:02:09 ICT" finished-at="2022-08-18T21:02:11 ICT">
          <reporter-output>
          </reporter-output>
        </test-method> <!-- goToAccountPage -->
        <test-method status="PASS" signature="loginWithEmptyUser()[pri:2, instance:test.TestLogin@148080bb]" name="loginWithEmptyUser" duration-ms="696" started-at="2022-08-18T21:02:11 ICT" finished-at="2022-08-18T21:02:11 ICT">
          <reporter-output>
          </reporter-output>
        </test-method> <!-- loginWithEmptyUser -->
        <test-method status="PASS" signature="afterMethod(org.testng.ITestContext,org.testng.ITestResult,java.lang.String)[pri:0, instance:test.TestLogin@148080bb]" name="afterMethod" is-config="true" duration-ms="0" started-at="2022-08-18T21:02:11 ICT" finished-at="2022-08-18T21:02:11 ICT">
          <params>
            <param index="0">
              <value>
                <![CDATA[org.testng.TestRunner@455824ad]]>
              </value>
            </param>
            <param index="1">
              <value>
                <![CDATA[[TestResult name=loginWithEmptyUser status=SUCCESS method=TestLogin.loginWithEmptyUser()[pri:2, instance:test.TestLogin@148080bb] output={null}]]]>
              </value>
            </param>
            <param index="2">
              <value>
                <![CDATA[chrome]]>
              </value>
            </param>
          </params>
          <reporter-output>
          </reporter-output>
        </test-method> <!-- afterMethod -->
        <test-method status="PASS" signature="goToAccountPage()[pri:0, instance:test.TestLogin@148080bb]" name="goToAccountPage" is-config="true" duration-ms="1524" started-at="2022-08-18T21:02:11 ICT" finished-at="2022-08-18T21:02:13 ICT">
          <reporter-output>
          </reporter-output>
        </test-method> <!-- goToAccountPage -->
        <test-method status="PASS" signature="loginWithInvalidAccount()[pri:3, instance:test.TestLogin@148080bb]" name="loginWithInvalidAccount" duration-ms="711" started-at="2022-08-18T21:02:13 ICT" finished-at="2022-08-18T21:02:14 ICT">
          <reporter-output>
          </reporter-output>
        </test-method> <!-- loginWithInvalidAccount -->
        <test-method status="PASS" signature="afterMethod(org.testng.ITestContext,org.testng.ITestResult,java.lang.String)[pri:0, instance:test.TestLogin@148080bb]" name="afterMethod" is-config="true" duration-ms="0" started-at="2022-08-18T21:02:14 ICT" finished-at="2022-08-18T21:02:14 ICT">
          <params>
            <param index="0">
              <value>
                <![CDATA[org.testng.TestRunner@455824ad]]>
              </value>
            </param>
            <param index="1">
              <value>
                <![CDATA[[TestResult name=loginWithInvalidAccount status=SUCCESS method=TestLogin.loginWithInvalidAccount()[pri:3, instance:test.TestLogin@148080bb] output={null}]]]>
              </value>
            </param>
            <param index="2">
              <value>
                <![CDATA[chrome]]>
              </value>
            </param>
          </params>
          <reporter-output>
          </reporter-output>
        </test-method> <!-- afterMethod -->
        <test-method status="PASS" signature="goToAccountPage()[pri:0, instance:test.TestLogin@148080bb]" name="goToAccountPage" is-config="true" duration-ms="1498" started-at="2022-08-18T21:02:14 ICT" finished-at="2022-08-18T21:02:15 ICT">
          <reporter-output>
          </reporter-output>
        </test-method> <!-- goToAccountPage -->
        <test-method status="PASS" signature="loginWithNonExistAccount()[pri:4, instance:test.TestLogin@148080bb]" name="loginWithNonExistAccount" duration-ms="753" started-at="2022-08-18T21:02:15 ICT" finished-at="2022-08-18T21:02:16 ICT">
          <reporter-output>
          </reporter-output>
        </test-method> <!-- loginWithNonExistAccount -->
        <test-method status="PASS" signature="afterMethod(org.testng.ITestContext,org.testng.ITestResult,java.lang.String)[pri:0, instance:test.TestLogin@148080bb]" name="afterMethod" is-config="true" duration-ms="1" started-at="2022-08-18T21:02:16 ICT" finished-at="2022-08-18T21:02:16 ICT">
          <params>
            <param index="0">
              <value>
                <![CDATA[org.testng.TestRunner@455824ad]]>
              </value>
            </param>
            <param index="1">
              <value>
                <![CDATA[[TestResult name=loginWithNonExistAccount status=SUCCESS method=TestLogin.loginWithNonExistAccount()[pri:4, instance:test.TestLogin@148080bb] output={null}]]]>
              </value>
            </param>
            <param index="2">
              <value>
                <![CDATA[chrome]]>
              </value>
            </param>
          </params>
          <reporter-output>
          </reporter-output>
        </test-method> <!-- afterMethod -->
        <test-method status="PASS" signature="goToAccountPage()[pri:0, instance:test.TestLogin@148080bb]" name="goToAccountPage" is-config="true" duration-ms="1852" started-at="2022-08-18T21:02:16 ICT" finished-at="2022-08-18T21:02:18 ICT">
          <reporter-output>
          </reporter-output>
        </test-method> <!-- goToAccountPage -->
        <test-method status="PASS" signature="loginWithValidAccount()[pri:5, instance:test.TestLogin@148080bb]" name="loginWithValidAccount" duration-ms="4450" started-at="2022-08-18T21:02:18 ICT" finished-at="2022-08-18T21:02:22 ICT">
          <reporter-output>
          </reporter-output>
        </test-method> <!-- loginWithValidAccount -->
        <test-method status="PASS" signature="afterMethod(org.testng.ITestContext,org.testng.ITestResult,java.lang.String)[pri:0, instance:test.TestLogin@148080bb]" name="afterMethod" is-config="true" duration-ms="1" started-at="2022-08-18T21:02:22 ICT" finished-at="2022-08-18T21:02:22 ICT">
          <params>
            <param index="0">
              <value>
                <![CDATA[org.testng.TestRunner@455824ad]]>
              </value>
            </param>
            <param index="1">
              <value>
                <![CDATA[[TestResult name=loginWithValidAccount status=SUCCESS method=TestLogin.loginWithValidAccount()[pri:5, instance:test.TestLogin@148080bb] output={null}]]]>
              </value>
            </param>
            <param index="2">
              <value>
                <![CDATA[chrome]]>
              </value>
            </param>
          </params>
          <reporter-output>
          </reporter-output>
        </test-method> <!-- afterMethod -->
        <test-method status="PASS" signature="goToAccountPage()[pri:0, instance:test.TestLogin@148080bb]" name="goToAccountPage" is-config="true" duration-ms="1545" started-at="2022-08-18T21:02:22 ICT" finished-at="2022-08-18T21:02:24 ICT">
          <reporter-output>
          </reporter-output>
        </test-method> <!-- goToAccountPage -->
        <test-method status="PASS" signature="loginAuthentication()[pri:6, instance:test.TestLogin@148080bb]" name="loginAuthentication" duration-ms="59719" started-at="2022-08-18T21:02:24 ICT" finished-at="2022-08-18T21:03:23 ICT">
          <reporter-output>
          </reporter-output>
        </test-method> <!-- loginAuthentication -->
        <test-method status="PASS" signature="afterMethod(org.testng.ITestContext,org.testng.ITestResult,java.lang.String)[pri:0, instance:test.TestLogin@148080bb]" name="afterMethod" is-config="true" duration-ms="0" started-at="2022-08-18T21:03:23 ICT" finished-at="2022-08-18T21:03:23 ICT">
          <params>
            <param index="0">
              <value>
                <![CDATA[org.testng.TestRunner@455824ad]]>
              </value>
            </param>
            <param index="1">
              <value>
                <![CDATA[[TestResult name=loginAuthentication status=SUCCESS method=TestLogin.loginAuthentication()[pri:6, instance:test.TestLogin@148080bb] output={null}]]]>
              </value>
            </param>
            <param index="2">
              <value>
                <![CDATA[chrome]]>
              </value>
            </param>
          </params>
          <reporter-output>
          </reporter-output>
        </test-method> <!-- afterMethod -->
        <test-method status="PASS" signature="afterSuite()[pri:0, instance:test.TestLogin@148080bb]" name="afterSuite" is-config="true" duration-ms="182" started-at="2022-08-18T21:03:23 ICT" finished-at="2022-08-18T21:03:24 ICT">
          <reporter-output>
          </reporter-output>
        </test-method> <!-- afterSuite -->
      </class> <!-- test.TestLogin -->
    </test> <!-- Register Test - SAFARI -->
  </suite> <!-- SmokeTest (0) -->
</testng-results>
