<?xml version="1.0" encoding="UTF-8"?>
<testsuite xmlns:xsi="http://www.w3.org/2001/XMLSchema-instance" xsi:noNamespaceSchemaLocation="https://maven.apache.org/surefire/maven-surefire-plugin/xsd/surefire-test-report.xsd" name="TestSuite" time="44.952" tests="5" errors="0" skipped="0" failures="0">
  <properties>
[...]
</properties>
  <testcase name="registerWithEmptyEmailAndPass" classname="test.TestRegister" time="3.991"/>
  <testcase name="registerWithEmptyEmail" classname="test.TestRegister" time="4.346"/>
  <testcase name="registerWithEmptyPass" classname="test.TestRegister" time="3.761"/>
  <testcase name="registerWithInvalidEmail" classname="test.TestRegister" time="4.037"/>
  <testcase name="registerWithValidAccount" classname="test.TestRegister" time="6.534"/>
</testsuite>