<?xml version="1.0" encoding="UTF-8"?>
<testng-results skipped="0" failed="0" ignored="0" total="5" passed="5">
  <reporter-output>
  </reporter-output>
  <suite name="SmokeTest" duration-ms="38654" started-at="2022-08-18T09:19:36 WIB" finished-at="2022-08-18T09:20:14 WIB">
    <groups>
    </groups>
    <test name="Register Test - SAFARI" duration-ms="38654" started-at="2022-08-18T09:19:36 WIB" finished-at="2022-08-18T09:20:14 WIB">
      <class name="test.TestRegister">
        <test-method status="PASS" signature="clearScreenShotFolder(org.testng.ITestContext)[pri:0, instance:test.TestRegister@5700d6b1]" name="clearScreenShotFolder" is-config="true" duration-ms="10" started-at="2022-08-18T09:19:36 WIB" finished-at="2022-08-18T09:19:36 WIB">
          <params>
            <param index="0">
              <value>
                <![CDATA[org.testng.TestRunner@a776e]]>
              </value>
            </param>
          </params>
          <reporter-output>
          </reporter-output>
        </test-method> <!-- clearScreenShotFolder -->
        <test-method status="PASS" signature="initWebdriverObject()[pri:0, instance:test.TestRegister@5700d6b1]" name="initWebdriverObject" is-config="true" duration-ms="1" started-at="2022-08-18T09:19:36 WIB" finished-at="2022-08-18T09:19:36 WIB">
          <reporter-output>
          </reporter-output>
        </test-method> <!-- initWebdriverObject -->
        <test-method status="PASS" signature="beforeMethod(java.lang.String)[pri:0, instance:test.TestRegister@5700d6b1]" name="beforeMethod" is-config="true" duration-ms="7624" started-at="2022-08-18T09:19:36 WIB" finished-at="2022-08-18T09:19:43 WIB">
          <params>
            <param index="0">
              <value>
                <![CDATA[chrome]]>
              </value>
            </param>
          </params>
          <reporter-output>
          </reporter-output>
        </test-method> <!-- beforeMethod -->
        <test-method status="PASS" signature="goToAccountPage()[pri:0, instance:test.TestRegister@5700d6b1]" name="goToAccountPage" is-config="true" duration-ms="3048" started-at="2022-08-18T09:19:43 WIB" finished-at="2022-08-18T09:19:46 WIB">
          <reporter-output>
          </reporter-output>
        </test-method> <!-- goToAccountPage -->
        <test-method status="PASS" signature="registerWithEmptyEmailAndPass()[pri:0, instance:test.TestRegister@5700d6b1]" name="registerWithEmptyEmailAndPass" duration-ms="2706" started-at="2022-08-18T09:19:46 WIB" finished-at="2022-08-18T09:19:49 WIB">
          <reporter-output>
          </reporter-output>
        </test-method> <!-- registerWithEmptyEmailAndPass -->
        <test-method status="PASS" signature="afterMethod(org.testng.ITestContext,org.testng.ITestResult,java.lang.String)[pri:0, instance:test.TestRegister@5700d6b1]" name="afterMethod" is-config="true" duration-ms="1" started-at="2022-08-18T09:19:49 WIB" finished-at="2022-08-18T09:19:49 WIB">
          <params>
            <param index="0">
              <value>
                <![CDATA[org.testng.TestRunner@a776e]]>
              </value>
            </param>
            <param index="1">
              <value>
                <![CDATA[[TestResult name=registerWithEmptyEmailAndPass status=SUCCESS method=TestRegister.registerWithEmptyEmailAndPass()[pri:0, instance:test.TestRegister@5700d6b1] output={null}]]]>
              </value>
            </param>
            <param index="2">
              <value>
                <![CDATA[chrome]]>
              </value>
            </param>
          </params>
          <reporter-output>
          </reporter-output>
        </test-method> <!-- afterMethod -->
        <test-method status="PASS" signature="goToAccountPage()[pri:0, instance:test.TestRegister@5700d6b1]" name="goToAccountPage" is-config="true" duration-ms="2536" started-at="2022-08-18T09:19:49 WIB" finished-at="2022-08-18T09:19:52 WIB">
          <reporter-output>
          </reporter-output>
        </test-method> <!-- goToAccountPage -->
        <test-method status="PASS" signature="registerWithEmptyEmail()[pri:1, instance:test.TestRegister@5700d6b1]" name="registerWithEmptyEmail" duration-ms="2920" started-at="2022-08-18T09:19:52 WIB" finished-at="2022-08-18T09:19:54 WIB">
          <reporter-output>
          </reporter-output>
        </test-method> <!-- registerWithEmptyEmail -->
        <test-method status="PASS" signature="afterMethod(org.testng.ITestContext,org.testng.ITestResult,java.lang.String)[pri:0, instance:test.TestRegister@5700d6b1]" name="afterMethod" is-config="true" duration-ms="0" started-at="2022-08-18T09:19:54 WIB" finished-at="2022-08-18T09:19:54 WIB">
          <params>
            <param index="0">
              <value>
                <![CDATA[org.testng.TestRunner@a776e]]>
              </value>
            </param>
            <param index="1">
              <value>
                <![CDATA[[TestResult name=registerWithEmptyEmail status=SUCCESS method=TestRegister.registerWithEmptyEmail()[pri:1, instance:test.TestRegister@5700d6b1] output={null}]]]>
              </value>
            </param>
            <param index="2">
              <value>
                <![CDATA[chrome]]>
              </value>
            </param>
          </params>
          <reporter-output>
          </reporter-output>
        </test-method> <!-- afterMethod -->
        <test-method status="PASS" signature="goToAccountPage()[pri:0, instance:test.TestRegister@5700d6b1]" name="goToAccountPage" is-config="true" duration-ms="2416" started-at="2022-08-18T09:19:54 WIB" finished-at="2022-08-18T09:19:57 WIB">
          <reporter-output>
          </reporter-output>
        </test-method> <!-- goToAccountPage -->
        <test-method status="PASS" signature="registerWithEmptyPass()[pri:2, instance:test.TestRegister@5700d6b1]" name="registerWithEmptyPass" duration-ms="2682" started-at="2022-08-18T09:19:57 WIB" finished-at="2022-08-18T09:20:00 WIB">
          <reporter-output>
          </reporter-output>
        </test-method> <!-- registerWithEmptyPass -->
        <test-method status="PASS" signature="afterMethod(org.testng.ITestContext,org.testng.ITestResult,java.lang.String)[pri:0, instance:test.TestRegister@5700d6b1]" name="afterMethod" is-config="true" duration-ms="1" started-at="2022-08-18T09:20:00 WIB" finished-at="2022-08-18T09:20:00 WIB">
          <params>
            <param index="0">
              <value>
                <![CDATA[org.testng.TestRunner@a776e]]>
              </value>
            </param>
            <param index="1">
              <value>
                <![CDATA[[TestResult name=registerWithEmptyPass status=SUCCESS method=TestRegister.registerWithEmptyPass()[pri:2, instance:test.TestRegister@5700d6b1] output={null}]]]>
              </value>
            </param>
            <param index="2">
              <value>
                <![CDATA[chrome]]>
              </value>
            </param>
          </params>
          <reporter-output>
          </reporter-output>
        </test-method> <!-- afterMethod -->
        <test-method status="PASS" signature="goToAccountPage()[pri:0, instance:test.TestRegister@5700d6b1]" name="goToAccountPage" is-config="true" duration-ms="3808" started-at="2022-08-18T09:20:00 WIB" finished-at="2022-08-18T09:20:03 WIB">
          <reporter-output>
          </reporter-output>
        </test-method> <!-- goToAccountPage -->
        <test-method status="PASS" signature="registerWithInvalidEmail()[pri:3, instance:test.TestRegister@5700d6b1]" name="registerWithInvalidEmail" duration-ms="2838" started-at="2022-08-18T09:20:03 WIB" finished-at="2022-08-18T09:20:06 WIB">
          <reporter-output>
          </reporter-output>
        </test-method> <!-- registerWithInvalidEmail -->
        <test-method status="PASS" signature="afterMethod(org.testng.ITestContext,org.testng.ITestResult,java.lang.String)[pri:0, instance:test.TestRegister@5700d6b1]" name="afterMethod" is-config="true" duration-ms="0" started-at="2022-08-18T09:20:06 WIB" finished-at="2022-08-18T09:20:06 WIB">
          <params>
            <param index="0">
              <value>
                <![CDATA[org.testng.TestRunner@a776e]]>
              </value>
            </param>
            <param index="1">
              <value>
                <![CDATA[[TestResult name=registerWithInvalidEmail status=SUCCESS method=TestRegister.registerWithInvalidEmail()[pri:3, instance:test.TestRegister@5700d6b1] output={null}]]]>
              </value>
            </param>
            <param index="2">
              <value>
                <![CDATA[chrome]]>
              </value>
            </param>
          </params>
          <reporter-output>
          </reporter-output>
        </test-method> <!-- afterMethod -->
        <test-method status="PASS" signature="goToAccountPage()[pri:0, instance:test.TestRegister@5700d6b1]" name="goToAccountPage" is-config="true" duration-ms="2519" started-at="2022-08-18T09:20:06 WIB" finished-at="2022-08-18T09:20:09 WIB">
          <reporter-output>
          </reporter-output>
        </test-method> <!-- goToAccountPage -->
        <test-method status="PASS" signature="registerWithValidAccount()[pri:4, instance:test.TestRegister@5700d6b1]" name="registerWithValidAccount" duration-ms="5494" started-at="2022-08-18T09:20:09 WIB" finished-at="2022-08-18T09:20:14 WIB">
          <reporter-output>
          </reporter-output>
        </test-method> <!-- registerWithValidAccount -->
        <test-method status="PASS" signature="afterMethod(org.testng.ITestContext,org.testng.ITestResult,java.lang.String)[pri:0, instance:test.TestRegister@5700d6b1]" name="afterMethod" is-config="true" duration-ms="0" started-at="2022-08-18T09:20:14 WIB" finished-at="2022-08-18T09:20:14 WIB">
          <params>
            <param index="0">
              <value>
                <![CDATA[org.testng.TestRunner@a776e]]>
              </value>
            </param>
            <param index="1">
              <value>
                <![CDATA[[TestResult name=registerWithValidAccount status=SUCCESS method=TestRegister.registerWithValidAccount()[pri:4, instance:test.TestRegister@5700d6b1] output={null}]]]>
              </value>
            </param>
            <param index="2">
              <value>
                <![CDATA[chrome]]>
              </value>
            </param>
          </params>
          <reporter-output>
          </reporter-output>
        </test-method> <!-- afterMethod -->
        <test-method status="PASS" signature="afterSuite()[pri:0, instance:test.TestRegister@5700d6b1]" name="afterSuite" is-config="true" duration-ms="93" started-at="2022-08-18T09:20:14 WIB" finished-at="2022-08-18T09:20:14 WIB">
          <reporter-output>
          </reporter-output>
        </test-method> <!-- afterSuite -->
      </class> <!-- test.TestRegister -->
    </test> <!-- Register Test - SAFARI -->
  </suite> <!-- SmokeTest -->
</testng-results>
