<?xml version="1.0" encoding="UTF-8"?>
<!-- Generated by org.testng.reporters.JUnitXMLReporter -->
<testsuite hostname="Air-cua-Macbook" ignored="0" name="Register Test - SAFARI" tests="5" failures="0" timestamp="2022-08-17T22:28:15 ICT" time="30.902" errors="0">
  <testcase name="registerWithEmptyEmailAndPass" time="2.755" classname="test.TestRegister"/>
  <testcase name="registerWithEmptyEmail" time="2.978" classname="test.TestRegister"/>
  <testcase name="registerWithEmptyPass" time="3.304" classname="test.TestRegister"/>
  <testcase name="registerWithInvalidEmail" time="3.209" classname="test.TestRegister"/>
  <testcase name="registerWithValidAccount" time="4.762" classname="test.TestRegister"/>
</testsuite> <!-- Register Test - SAFARI -->
