<?xml version="1.0" encoding="UTF-8"?>
<!-- Generated by org.testng.reporters.JUnitXMLReporter -->
<testsuite hostname="Air-cua-Macbook" ignored="0" name="Register Test - Chrome" tests="1" failures="1" timestamp="2022-08-15T23:22:02 ICT" time="2.643" errors="0">
  <testcase name="registerWithValidAccount" time="2.398" classname="test.TestRegister">
    <failure type="java.lang.AssertionError" message="null">
      <![CDATA[java.lang.AssertionError: null
at test.TestRegister.registerWithValidAccount(TestRegister.java:15)
at java.util.ArrayList.forEach(ArrayList.java:1259)
at com.intellij.rt.testng.IDEARemoteTestNG.run(IDEARemoteTestNG.java:66)
at com.intellij.rt.testng.RemoteTestNGStarter.main(RemoteTestNGStarter.java:109)
... Removed 26 stack frames]]>
    </failure>
  </testcase> <!-- registerWithValidAccount -->
</testsuite> <!-- Register Test - Chrome -->
